<?xml version="1.0" encoding="utf-8"?><testsuites name="pytest tests"><testsuite name="pytest" errors="0" failures="0" skipped="0" tests="11" time="4.577" timestamp="2026-03-08T08:06:22.234897+00:00" hostname="agent-env-af6c45f2-cf3f-4f77-b7b0-52d6ff0787a9"><testcase classname="tests.test_campaign_content.TestCampaignContentAPI" name="test_get_campaign_content_returns_custom_content" time="0.561" /><testcase classname="tests.test_campaign_content.TestCampaignContentAPI" name="test_custom_races_contain_required_fields" time="0.435" /><testcase classname="tests.test_campaign_content.TestCampaignContentAPI" name="test_custom_classes_contain_required_fields" time="0.434" /><testcase classname="tests.test_campaign_content.TestCampaignContentAPI" name="test_get_campaign_content_races_endpoint" time="0.427" /><testcase classname="tests.test_campaign_content.TestCampaignContentAPI" name="test_get_campaign_content_classes_endpoint" time="0.466" /><testcase classname="tests.test_campaign_content.TestCampaignContentAPI" name="test_get_campaign_content_subclasses_endpoint" time="0.414" /><testcase classname="tests.test_campaign_content.TestCampaignContentAPI" name="test_get_campaign_content_backgrounds_endpoint" time="0.420" /><testcase classname="tests.test_campaign_content.TestCampaignContentAPI" name="test_get_campaign_content_feats_endpoint" time="0.437" /><testcase classname="tests.test_campaign_content.TestCampaignContentAccess" name="test_unauthenticated_access_returns_401" time="0.101" /><testcase classname="tests.test_campaign_content.TestCampaignContentAccess" name="test_campaign_info_returns_name" time="0.421" /><testcase classname="tests.test_campaign_content.TestAbilityBonusesFormat" name="test_ability_bonuses_object_format" time="0.423" /></testsuite></testsuites>