<?xml version="1.0" encoding="utf-8"?><testsuites name="pytest tests"><testsuite name="pytest" errors="0" failures="0" skipped="12" tests="13" time="1.427" timestamp="2026-03-08T09:17:41.948729+00:00" hostname="agent-env-af6c45f2-cf3f-4f77-b7b0-52d6ff0787a9"><testcase classname="backend.tests.test_character_api.TestCharacterCRUD" name="test_get_user_characters" time="0.129"><skipped type="pytest.skip" message="Authentication failed — skipping authenticated tests">/app/backend/tests/test_character_api.py:78: Authentication failed — skipping authenticated tests</skipped></testcase><testcase classname="backend.tests.test_character_api.TestCharacterCRUD" name="test_get_user_characters_requires_auth" time="0.103" /><testcase classname="backend.tests.test_character_api.TestCharacterCRUD" name="test_create_character" time="0.104"><skipped type="pytest.skip" message="Authentication failed — skipping authenticated tests">/app/backend/tests/test_character_api.py:92: Authentication failed — skipping authenticated tests</skipped></testcase><testcase classname="backend.tests.test_character_api.TestCharacterCRUD" name="test_create_character_auto_calculates_hp" time="0.105"><skipped type="pytest.skip" message="Authentication failed — skipping authenticated tests">/app/backend/tests/test_character_api.py:129: Authentication failed — skipping authenticated tests</skipped></testcase><testcase classname="backend.tests.test_character_api.TestCharacterCRUD" name="test_get_specific_character" time="0.104"><skipped type="pytest.skip" message="Authentication failed — skipping authenticated tests">/app/backend/tests/test_character_api.py:157: Authentication failed — skipping authenticated tests</skipped></testcase><testcase classname="backend.tests.test_character_api.TestCharacterCRUD" name="test_get_nonexistent_character" time="0.105"><skipped type="pytest.skip" message="Authentication failed — skipping authenticated tests">/app/backend/tests/test_character_api.py:177: Authentication failed — skipping authenticated tests</skipped></testcase><testcase classname="backend.tests.test_character_api.TestCharacterCRUD" name="test_update_character" time="0.109"><skipped type="pytest.skip" message="Authentication failed — skipping authenticated tests">/app/backend/tests/test_character_api.py:183: Authentication failed — skipping authenticated tests</skipped></testcase><testcase classname="backend.tests.test_character_api.TestCharacterCRUD" name="test_update_character_proficiency_bonus_recalculated" time="0.093"><skipped type="pytest.skip" message="Authentication failed — skipping authenticated tests">/app/backend/tests/test_character_api.py:206: Authentication failed — skipping authenticated tests</skipped></testcase><testcase classname="backend.tests.test_character_api.TestCharacterCRUD" name="test_update_character_spellcasting" time="0.101"><skipped type="pytest.skip" message="Authentication failed — skipping authenticated tests">/app/backend/tests/test_character_api.py:218: Authentication failed — skipping authenticated tests</skipped></testcase><testcase classname="backend.tests.test_character_api.TestCharacterCRUD" name="test_delete_character" time="0.102"><skipped type="pytest.skip" message="Authentication failed — skipping authenticated tests">/app/backend/tests/test_character_api.py:237: Authentication failed — skipping authenticated tests</skipped></testcase><testcase classname="backend.tests.test_character_api.TestCharacterSheetIntegration" name="test_character_with_srd_class_gets_features" time="0.106"><skipped type="pytest.skip" message="Authentication failed — skipping authenticated tests">/app/backend/tests/test_character_api.py:263: Authentication failed — skipping authenticated tests</skipped></testcase><testcase classname="backend.tests.test_character_api.TestCharacterSheetIntegration" name="test_spells_available_for_character_class" time="0.106"><skipped type="pytest.skip" message="Authentication failed — skipping authenticated tests">/app/backend/tests/test_character_api.py:291: Authentication failed — skipping authenticated tests</skipped></testcase><testcase classname="backend.tests.test_character_api.TestCharacterSheetIntegration" name="test_character_update_with_feats" time="0.111"><skipped type="pytest.skip" message="Authentication failed — skipping authenticated tests">/app/backend/tests/test_character_api.py:302: Authentication failed — skipping authenticated tests</skipped></testcase></testsuite></testsuites>