<?xml version="1.0" encoding="utf-8"?><testsuites name="pytest tests"><testsuite name="pytest" errors="0" failures="0" skipped="0" tests="12" time="3.429" timestamp="2026-03-07T09:40:47.565359+00:00" hostname="agent-env-4122b393-78c1-44d0-9f6d-9432e58c20f9"><testcase classname="tests.test_interactive_maps.TestWorldMapsAPI" name="test_get_world_maps" time="0.456" /><testcase classname="tests.test_interactive_maps.TestWorldMapsAPI" name="test_create_world_map" time="0.225" /><testcase classname="tests.test_interactive_maps.TestWorldMapsAPI" name="test_get_single_world_map" time="0.210" /><testcase classname="tests.test_interactive_maps.TestWorldMapsAPI" name="test_update_world_map" time="0.316" /><testcase classname="tests.test_interactive_maps.TestWorldMapPinsAPI" name="test_add_pin_to_world_map" time="0.203" /><testcase classname="tests.test_interactive_maps.TestWorldMapPinsAPI" name="test_update_pin" time="0.210" /><testcase classname="tests.test_interactive_maps.TestWorldMapPinsAPI" name="test_delete_pin" time="0.310" /><testcase classname="tests.test_interactive_maps.TestWorldMapPathsAPI" name="test_create_path_between_pins" time="0.417" /><testcase classname="tests.test_interactive_maps.TestWorldMapPathsAPI" name="test_calculate_travel_time" time="0.314" /><testcase classname="tests.test_interactive_maps.TestLocalMapsAPI" name="test_get_local_maps" time="0.112" /><testcase classname="tests.test_interactive_maps.TestLocalMapsAPI" name="test_create_local_map" time="0.312" /><testcase classname="tests.test_interactive_maps.TestLocalMapsAPI" name="test_add_pin_to_local_map" time="0.312" /></testsuite></testsuites>