<?xml version="1.0" encoding="utf-8"?><testsuites name="pytest tests"><testsuite name="pytest" errors="0" failures="0" skipped="0" tests="4" time="1.629" timestamp="2026-04-30T15:10:40.606766+00:00" hostname="agent-env-f92ac2dd-b0bc-49e9-bfee-5d2fd36a9fe5"><testcase classname="backend.tests.test_iter87_audit_batch3" name="test_login_returns_token" time="0.657" /><testcase classname="backend.tests.test_iter87_audit_batch3" name="test_get_character_by_id" time="0.557" /><testcase classname="backend.tests.test_iter87_audit_batch3" name="test_patch_character_partial_hp" time="0.259" /><testcase classname="backend.tests.test_iter87_audit_batch3" name="test_get_campaign_by_id" time="0.134" /></testsuite></testsuites>