<?xml version="1.0" encoding="utf-8"?><testsuites name="pytest tests"><testsuite name="pytest" errors="0" failures="0" skipped="0" tests="16" time="9.706" timestamp="2026-05-01T11:44:24.552088+00:00" hostname="agent-env-f92ac2dd-b0bc-49e9-bfee-5d2fd36a9fe5"><testcase classname="tests.test_iter93_homebrew_custom.TestRegression" name="test_login_works" time="0.429" /><testcase classname="tests.test_iter93_homebrew_custom.TestRegression" name="test_admin_check" time="0.061" /><testcase classname="tests.test_iter93_homebrew_custom.TestRegression" name="test_get_characters" time="0.087" /><testcase classname="tests.test_iter93_homebrew_custom.TestAuthGuards" name="test_parse_text_requires_auth" time="0.106" /><testcase classname="tests.test_iter93_homebrew_custom.TestAuthGuards" name="test_parse_docx_requires_auth" time="0.131" /><testcase classname="tests.test_iter93_homebrew_custom.TestAuthGuards" name="test_save_requires_auth" time="0.121" /><testcase classname="tests.test_iter93_homebrew_custom.TestAuthGuards" name="test_list_requires_auth" time="0.110" /><testcase classname="tests.test_iter93_homebrew_custom.TestAuthGuards" name="test_delete_requires_auth" time="0.142" /><testcase classname="tests.test_iter93_homebrew_custom.TestParseText" name="test_parse_text_invalid_content_type" time="0.059" /><testcase classname="tests.test_iter93_homebrew_custom.TestParseText" name="test_parse_text_empty" time="0.121" /><testcase classname="tests.test_iter93_homebrew_custom.TestParseText" name="test_parse_text_background_pirate" time="2.974" /><testcase classname="tests.test_iter93_homebrew_custom.TestParseText" name="test_parse_text_race" time="2.709" /><testcase classname="tests.test_iter93_homebrew_custom.TestParseDocx" name="test_parse_docx_background" time="2.061" /><testcase classname="tests.test_iter93_homebrew_custom.TestParseDocx" name="test_parse_docx_rejects_non_docx" time="0.106" /><testcase classname="tests.test_iter93_homebrew_custom.TestSaveListDelete" name="test_full_lifecycle" time="0.378" /><testcase classname="tests.test_iter93_homebrew_custom.TestSaveListDelete" name="test_save_invalid_content_type" time="0.054" /></testsuite></testsuites>