<?xml version="1.0" encoding="utf-8"?><testsuites name="pytest tests"><testsuite name="pytest" errors="0" failures="0" skipped="0" tests="6" time="1.669" timestamp="2026-04-30T14:48:10.372370+00:00" hostname="agent-env-f92ac2dd-b0bc-49e9-bfee-5d2fd36a9fe5"><testcase classname="backend.tests.test_iter86_audit_batch2" name="test_login_ok" time="0.520" /><testcase classname="backend.tests.test_iter86_audit_batch2" name="test_character_get_for_skills_and_spells_panel" time="0.507" /><testcase classname="backend.tests.test_iter86_audit_batch2" name="test_character_partial_patch_regression" time="0.154" /><testcase classname="backend.tests.test_iter86_audit_batch2" name="test_campaign_maps_get" time="0.146" /><testcase classname="backend.tests.test_iter86_audit_batch2" name="test_campaign_world_maps_get" time="0.121" /><testcase classname="backend.tests.test_iter86_audit_batch2" name="test_campaign_local_maps_get" time="0.197" /></testsuite></testsuites>