<?xml version="1.0" encoding="utf-8"?><testsuites name="pytest tests"><testsuite name="pytest" errors="0" failures="0" skipped="0" tests="6" time="1.253" timestamp="2026-03-07T09:19:19.645960+00:00" hostname="agent-env-4122b393-78c1-44d0-9f6d-9432e58c20f9"><testcase classname="tests.test_npc_quick_reference.TestNPCEndpoints" name="test_get_campaign_npcs" time="0.496" /><testcase classname="tests.test_npc_quick_reference.TestNPCEndpoints" name="test_create_and_delete_npc" time="0.318" /><testcase classname="tests.test_npc_quick_reference.TestLocationEndpoints" name="test_get_campaign_locations" time="0.115" /><testcase classname="tests.test_npc_quick_reference.TestCampaignEndpoints" name="test_get_campaigns" time="0.105" /><testcase classname="tests.test_npc_quick_reference.TestCampaignEndpoints" name="test_get_campaign_details" time="0.102" /><testcase classname="tests.test_npc_quick_reference.TestCharacterEndpoints" name="test_get_characters" time="0.101" /></testsuite></testsuites>