<?xml version="1.0" encoding="utf-8"?><testsuites name="pytest tests"><testsuite name="pytest" errors="0" failures="0" skipped="0" tests="14" time="1.799" timestamp="2026-03-07T07:27:34.703547+00:00" hostname="agent-env-0e68e3c4-31b9-40a0-b7fa-a2ddbfe2af5e"><testcase classname="tests.test_party_location_tracker.TestWorldMapsList" name="test_get_world_maps_returns_list" time="0.670" /><testcase classname="tests.test_party_location_tracker.TestWorldMapsList" name="test_world_map_has_required_fields" time="0.057" /><testcase classname="tests.test_party_location_tracker.TestWorldMapsList" name="test_world_map_pins_have_required_fields" time="0.051" /><testcase classname="tests.test_party_location_tracker.TestNearbyLocations" name="test_get_nearby_locations" time="0.069" /><testcase classname="tests.test_party_location_tracker.TestNearbyLocations" name="test_nearby_includes_connected_location" time="0.048" /><testcase classname="tests.test_party_location_tracker.TestNearbyLocations" name="test_nearby_location_has_travel_info" time="0.049" /><testcase classname="tests.test_party_location_tracker.TestNearbyLocations" name="test_bidirectional_path_works_both_ways" time="0.098" /><testcase classname="tests.test_party_location_tracker.TestTravelCalculation" name="test_calculate_travel_walking" time="0.052" /><testcase classname="tests.test_party_location_tracker.TestTravelCalculation" name="test_calculate_travel_horseback" time="0.107" /><testcase classname="tests.test_party_location_tracker.TestTravelCalculation" name="test_calculate_travel_returns_location_names" time="0.049" /><testcase classname="tests.test_party_location_tracker.TestTravelCalculation" name="test_calculate_travel_no_path_returns_404" time="0.109" /><testcase classname="tests.test_party_location_tracker.TestLocalMapsIntegration" name="test_get_local_maps" time="0.060" /><testcase classname="tests.test_party_location_tracker.TestLocalMapsIntegration" name="test_create_local_map_with_pins" time="0.254" /><testcase classname="tests.test_party_location_tracker.TestLocationsEndpoint" name="test_get_locations" time="0.106" /></testsuite></testsuites>