<?xml version="1.0" encoding="utf-8"?><testsuites name="pytest tests"><testsuite name="pytest" errors="0" failures="0" skipped="0" tests="16" time="1.588" timestamp="2026-03-31T11:34:26.753964+00:00" hostname="agent-env-d3348c42-706b-419d-8bce-f5b8317119b8"><testcase classname="tests.test_player_experience_features.TestResourcesEndpoint" name="test_update_resources_success" time="0.720" /><testcase classname="tests.test_player_experience_features.TestResourcesEndpoint" name="test_update_resources_empty" time="0.055" /><testcase classname="tests.test_player_experience_features.TestResourcesEndpoint" name="test_update_resources_invalid_character" time="0.056" /><testcase classname="tests.test_player_experience_features.TestShortRestEndpoint" name="test_short_rest_no_hit_dice" time="0.063" /><testcase classname="tests.test_player_experience_features.TestShortRestEndpoint" name="test_short_rest_with_hit_dice" time="0.050" /><testcase classname="tests.test_player_experience_features.TestShortRestEndpoint" name="test_short_rest_invalid_character" time="0.051" /><testcase classname="tests.test_player_experience_features.TestLongRestEndpoint" name="test_long_rest_success" time="0.054" /><testcase classname="tests.test_player_experience_features.TestLongRestEndpoint" name="test_long_rest_restores_hit_dice" time="0.053" /><testcase classname="tests.test_player_experience_features.TestLongRestEndpoint" name="test_long_rest_clears_resources" time="0.053" /><testcase classname="tests.test_player_experience_features.TestLongRestEndpoint" name="test_long_rest_invalid_character" time="0.049" /><testcase classname="tests.test_player_experience_features.TestCharacterDataForCombatTab" name="test_character_has_resources_field" time="0.050" /><testcase classname="tests.test_player_experience_features.TestCharacterDataForCombatTab" name="test_character_has_equipped_field" time="0.052" /><testcase classname="tests.test_player_experience_features.TestCharacterDataForCombatTab" name="test_character_has_ability_scores" time="0.051" /><testcase classname="tests.test_player_experience_features.TestCharacterDataForCombatTab" name="test_character_has_combat_stats" time="0.047" /><testcase classname="tests.test_player_experience_features.TestInventoryForCombatTab" name="test_update_equipped_items" time="0.096" /><testcase classname="tests.test_player_experience_features.TestLevelUpFeaturesGained" name="test_level_up_info_endpoint" time="0.049" /></testsuite></testsuites>