<?xml version="1.0" encoding="utf-8"?><testsuites name="pytest tests"><testsuite name="pytest" errors="0" failures="0" skipped="0" tests="9" time="2.627" timestamp="2026-03-31T16:17:51.694079+00:00" hostname="agent-env-0296e2c0-1121-4045-a837-b9bab4ee20bc"><testcase classname="tests.test_fighter_levelup_dice_roller.TestAuthentication" name="test_login_success" time="0.380" /><testcase classname="tests.test_fighter_levelup_dice_roller.TestCharacterAPI" name="test_get_user_characters" time="0.452" /><testcase classname="tests.test_fighter_levelup_dice_roller.TestCharacterAPI" name="test_get_specific_character" time="0.264" /><testcase classname="tests.test_fighter_levelup_dice_roller.TestFighterLevelUp" name="test_levelup_accepts_fighting_style" time="0.127" /><testcase classname="tests.test_fighter_levelup_dice_roller.TestFighterLevelUp" name="test_levelup_endpoint_exists" time="0.235" /><testcase classname="tests.test_fighter_levelup_dice_roller.TestFighterLevelUp" name="test_levelup_info_endpoint" time="0.308" /><testcase classname="tests.test_fighter_levelup_dice_roller.TestCampaignAndGMScreen" name="test_get_campaigns" time="0.123" /><testcase classname="tests.test_fighter_levelup_dice_roller.TestCampaignAndGMScreen" name="test_get_campaign_details" time="0.598" /><testcase classname="tests.test_fighter_levelup_dice_roller.TestHealthCheck" name="test_api_health" time="0.123" /></testsuite></testsuites>