<?xml version="1.0" encoding="utf-8"?><testsuites name="pytest tests"><testsuite name="pytest" errors="0" failures="0" skipped="0" tests="35" time="57.294" timestamp="2026-02-28T17:15:43.994703+00:00" hostname="agent-env-35bb7a6d-3f82-49c5-9611-f5955ebc5b2d"><testcase classname="tests.test_dmscreen_api.TestAuth" name="test_register_user" time="0.383" /><testcase classname="tests.test_dmscreen_api.TestAuth" name="test_register_duplicate_user" time="0.329" /><testcase classname="tests.test_dmscreen_api.TestAuth" name="test_login_success" time="0.650" /><testcase classname="tests.test_dmscreen_api.TestAuth" name="test_login_invalid_credentials" time="0.125" /><testcase classname="tests.test_dmscreen_api.TestAuth" name="test_auth_me_endpoint" time="0.475" /><testcase classname="tests.test_dmscreen_api.TestCampaigns" name="test_create_campaign" time="0.520" /><testcase classname="tests.test_dmscreen_api.TestCampaigns" name="test_get_campaigns" time="0.576" /><testcase classname="tests.test_dmscreen_api.TestCampaigns" name="test_get_single_campaign" time="0.545" /><testcase classname="tests.test_dmscreen_api.TestCampaigns" name="test_update_campaign" time="0.565" /><testcase classname="tests.test_dmscreen_api.TestCampaigns" name="test_delete_campaign" time="0.660" /><testcase classname="tests.test_dmscreen_api.TestCalendar" name="test_get_calendar" time="0.611" /><testcase classname="tests.test_dmscreen_api.TestCalendar" name="test_advance_calendar" time="0.795" /><testcase classname="tests.test_dmscreen_api.TestCalendar" name="test_update_calendar" time="0.580" /><testcase classname="tests.test_dmscreen_api.TestCalendarEvents" name="test_create_event" time="0.598" /><testcase classname="tests.test_dmscreen_api.TestCalendarEvents" name="test_get_events" time="0.685" /><testcase classname="tests.test_dmscreen_api.TestCalendarEvents" name="test_update_event" time="0.660" /><testcase classname="tests.test_dmscreen_api.TestCalendarEvents" name="test_delete_event" time="0.652" /><testcase classname="tests.test_dmscreen_api.TestPlayers" name="test_create_player" time="0.565" /><testcase classname="tests.test_dmscreen_api.TestPlayers" name="test_get_players" time="0.694" /><testcase classname="tests.test_dmscreen_api.TestPlayers" name="test_update_player" time="0.657" /><testcase classname="tests.test_dmscreen_api.TestPlayers" name="test_delete_player" time="0.724" /><testcase classname="tests.test_dmscreen_api.TestNPCs" name="test_create_npc" time="0.548" /><testcase classname="tests.test_dmscreen_api.TestNPCs" name="test_get_npcs" time="0.693" /><testcase classname="tests.test_dmscreen_api.TestNPCs" name="test_update_npc" time="0.666" /><testcase classname="tests.test_dmscreen_api.TestNPCs" name="test_delete_npc" time="0.845" /><testcase classname="tests.test_dmscreen_api.TestLocations" name="test_create_location" time="0.575" /><testcase classname="tests.test_dmscreen_api.TestLocations" name="test_get_locations" time="0.670" /><testcase classname="tests.test_dmscreen_api.TestGods" name="test_create_god" time="0.578" /><testcase classname="tests.test_dmscreen_api.TestGods" name="test_get_gods" time="0.689" /><testcase classname="tests.test_dmscreen_api.TestCombatScenarios" name="test_create_combat_scenario" time="0.581" /><testcase classname="tests.test_dmscreen_api.TestCombatScenarios" name="test_get_combat_scenarios" time="0.681" /><testcase classname="tests.test_dmscreen_api.TestInGameNotes" name="test_create_note" time="0.602" /><testcase classname="tests.test_dmscreen_api.TestInGameNotes" name="test_get_notes" time="0.677" /><testcase classname="tests.test_dmscreen_api.TestCampaignSetting" name="test_get_setting" time="36.644" /><testcase classname="tests.test_dmscreen_api.TestCampaignSetting" name="test_update_setting" time="0.651" /></testsuite></testsuites>