<?xml version="1.0" encoding="utf-8"?><testsuites name="pytest tests"><testsuite name="pytest" errors="0" failures="0" skipped="0" tests="9" time="24.130" timestamp="2026-03-05T23:01:20.553231+00:00" hostname="agent-env-72db7a0e-3b4e-4c6d-974b-2fab73a2b44a"><testcase classname="backend.tests.test_rook_context.TestCampaignContextAPIs" name="test_campaign_setting_can_be_saved" time="0.641" /><testcase classname="backend.tests.test_rook_context.TestCampaignContextAPIs" name="test_npcs_can_be_created_for_context" time="0.311" /><testcase classname="backend.tests.test_rook_context.TestCampaignContextAPIs" name="test_locations_can_be_created_for_context" time="0.282" /><testcase classname="backend.tests.test_rook_context.TestCampaignContextAPIs" name="test_gods_can_be_created_for_context" time="0.345" /><testcase classname="backend.tests.test_rook_context.TestCampaignContextAPIs" name="test_notes_can_be_created_for_context" time="0.314" /><testcase classname="backend.tests.test_rook_context.TestROOKAIEndpoint" name="test_rook_endpoint_exists" time="3.712" /><testcase classname="backend.tests.test_rook_context.TestROOKAIEndpoint" name="test_rook_backward_compatibility" time="5.288" /><testcase classname="backend.tests.test_rook_context.TestROOKAIEndpoint" name="test_rook_requires_valid_entity_type" time="0.345" /><testcase classname="backend.tests.test_rook_context.TestROOKAIEndpoint" name="test_rook_valid_entity_types" time="12.869" /></testsuite></testsuites>