<?xml version="1.0" encoding="utf-8"?><testsuites name="pytest tests"><testsuite name="pytest" errors="0" failures="0" skipped="0" tests="18" time="3.276" timestamp="2026-02-09T20:14:57.155935+00:00" hostname="agent-env-45d116eb-cb44-4038-b394-e3df19ccfd2f"><testcase classname="backend.tests.test_new_features.TestAuth" name="test_register_success" time="0.308" /><testcase classname="backend.tests.test_new_features.TestAuth" name="test_login_success" time="0.527" /><testcase classname="backend.tests.test_new_features.TestCustomCalendarBuilder" name="test_get_default_calendar" time="0.346" /><testcase classname="backend.tests.test_new_features.TestCustomCalendarBuilder" name="test_update_to_custom_calendar" time="0.042" /><testcase classname="backend.tests.test_new_features.TestCustomCalendarBuilder" name="test_update_calendar_add_month" time="0.076" /><testcase classname="backend.tests.test_new_features.TestCustomCalendarBuilder" name="test_update_calendar_remove_month" time="0.075" /><testcase classname="backend.tests.test_new_features.TestCustomCalendarBuilder" name="test_update_calendar_set_days" time="0.040" /><testcase classname="backend.tests.test_new_features.TestCustomCalendarBuilder" name="test_advance_calendar" time="0.077" /><testcase classname="backend.tests.test_new_features.TestCharacterCreator" name="test_create_character_with_full_stats" time="0.338" /><testcase classname="backend.tests.test_new_features.TestCharacterCreator" name="test_create_wizard_character" time="0.039" /><testcase classname="backend.tests.test_new_features.TestCharacterCreator" name="test_list_players" time="0.035" /><testcase classname="backend.tests.test_new_features.TestCharacterCreator" name="test_update_character" time="0.074" /><testcase classname="backend.tests.test_new_features.TestCharacterCreator" name="test_delete_character" time="0.110" /><testcase classname="backend.tests.test_new_features.TestSessionNotes" name="test_create_session_note" time="0.333" /><testcase classname="backend.tests.test_new_features.TestSessionNotes" name="test_list_session_notes" time="0.189" /><testcase classname="backend.tests.test_new_features.TestSessionNotes" name="test_delete_session_note" time="0.115" /><testcase classname="backend.tests.test_new_features.TestCalendarEvents" name="test_create_event" time="0.340" /><testcase classname="backend.tests.test_new_features.TestCalendarEvents" name="test_delete_event" time="0.074" /></testsuite></testsuites>