<?xml version="1.0" encoding="utf-8"?><testsuites name="pytest tests"><testsuite name="pytest" errors="0" failures="0" skipped="0" tests="15" time="7.608" timestamp="2026-03-02T10:53:26.020262+00:00" hostname="agent-env-9d1d7a6c-48eb-446c-9a03-181be9592ca2"><testcase classname="backend.tests.test_custom_creatures.TestCustomCreaturesListAPI" name="test_list_creatures_success" time="0.603" /><testcase classname="backend.tests.test_custom_creatures.TestCustomCreaturesListAPI" name="test_list_creatures_returns_existing_shadow_wyrm" time="0.106" /><testcase classname="backend.tests.test_custom_creatures.TestCustomCreaturesListAPI" name="test_list_creatures_without_auth_fails" time="0.102" /><testcase classname="backend.tests.test_custom_creatures.TestCustomCreaturesCreateAPI" name="test_create_creature_success" time="0.359" /><testcase classname="backend.tests.test_custom_creatures.TestCustomCreaturesCreateAPI" name="test_create_creature_minimal_fields" time="0.224" /><testcase classname="backend.tests.test_custom_creatures.TestCustomCreaturesCreateAPI" name="test_create_creature_without_auth_fails" time="0.105" /><testcase classname="backend.tests.test_custom_creatures.TestCustomCreaturesUpdateAPI" name="test_update_creature_success" time="0.466" /><testcase classname="backend.tests.test_custom_creatures.TestCustomCreaturesUpdateAPI" name="test_update_nonexistent_creature_fails" time="0.107" /><testcase classname="backend.tests.test_custom_creatures.TestCustomCreaturesDeleteAPI" name="test_delete_creature_success" time="0.320" /><testcase classname="backend.tests.test_custom_creatures.TestCustomCreaturesDeleteAPI" name="test_delete_nonexistent_creature_fails" time="0.104" /><testcase classname="backend.tests.test_custom_creatures.TestCustomCreaturesImportAPI" name="test_import_multiple_creatures_success" time="0.549" /><testcase classname="backend.tests.test_custom_creatures.TestCustomCreaturesImportAPI" name="test_import_empty_list" time="0.139" /><testcase classname="backend.tests.test_custom_creatures.TestCustomCreaturesValidation" name="test_create_creature_with_all_cr_options" time="1.716" /><testcase classname="backend.tests.test_custom_creatures.TestCustomCreaturesValidation" name="test_create_creature_with_all_types" time="1.304" /><testcase classname="backend.tests.test_custom_creatures.TestCustomCreaturesValidation" name="test_create_creature_with_all_sizes" time="1.275" /></testsuite></testsuites>