<?xml version="1.0" encoding="utf-8"?><testsuites name="pytest tests"><testsuite name="pytest" errors="0" failures="0" skipped="0" tests="18" time="6.055" timestamp="2026-03-06T08:07:34.681867+00:00" hostname="agent-env-a7b732c0-5be6-40db-87a5-46a304e50cb7"><testcase classname="tests.test_subscription.TestSubscriptionPlans" name="test_get_subscription_plans_returns_four_tiers" time="0.123" /><testcase classname="tests.test_subscription.TestSubscriptionPlans" name="test_free_plan_pricing_and_features" time="0.115" /><testcase classname="tests.test_subscription.TestSubscriptionPlans" name="test_hero_player_plan_pricing" time="0.100" /><testcase classname="tests.test_subscription.TestSubscriptionPlans" name="test_quest_master_gm_plan_pricing" time="0.112" /><testcase classname="tests.test_subscription.TestSubscriptionPlans" name="test_legendary_plan_pricing" time="0.105" /><testcase classname="tests.test_subscription.TestUserRegistrationWithSubscription" name="test_new_user_starts_with_free_tier" time="0.440" /><testcase classname="tests.test_subscription.TestUserRegistrationWithSubscription" name="test_subscription_status_requires_auth" time="0.112" /><testcase classname="tests.test_subscription.TestSubscriptionStatus" name="test_get_subscription_status_structure" time="0.426" /><testcase classname="tests.test_subscription.TestSubscriptionStatus" name="test_subscription_status_values_are_valid" time="0.443" /><testcase classname="tests.test_subscription.TestPromoCodeCreation" name="test_create_promo_code_requires_admin" time="0.416" /><testcase classname="tests.test_subscription.TestPromoCodeCreation" name="test_create_promo_code_requires_auth" time="0.093" /><testcase classname="tests.test_subscription.TestPromoCodeApplication" name="test_apply_invalid_promo_code" time="0.431" /><testcase classname="tests.test_subscription.TestPromoCodeApplication" name="test_apply_promo_code_requires_auth" time="0.094" /><testcase classname="tests.test_subscription.TestSubscriptionCheckout" name="test_create_checkout_session_for_paid_plans" time="0.850" /><testcase classname="tests.test_subscription.TestSubscriptionCheckout" name="test_checkout_requires_auth" time="0.095" /><testcase classname="tests.test_subscription.TestSubscriptionCheckout" name="test_checkout_cannot_checkout_free_plan" time="0.649" /><testcase classname="tests.test_subscription.TestCampaignSettingsSave" name="test_campaign_settings_save_and_retrieve" time="0.769" /><testcase classname="tests.test_subscription.TestCampaignSettingsSave" name="test_campaign_settings_upsert_creates_with_campaign_id" time="0.630" /></testsuite></testsuites>