<?xml version="1.0" encoding="utf-8"?><testsuites name="pytest tests"><testsuite name="pytest" errors="0" failures="0" skipped="0" tests="7" time="11.852" timestamp="2026-03-31T07:46:32.867963+00:00" hostname="agent-env-82d414f2-31f0-44af-b8c1-1b6de1f771ce"><testcase classname="backend.tests.test_npc_network.TestNPCNetworkAPI" name="test_get_npcs_list" time="0.563" /><testcase classname="backend.tests.test_npc_network.TestNPCNetworkAPI" name="test_create_npc_basic" time="0.530" /><testcase classname="backend.tests.test_npc_network.TestNPCNetworkAPI" name="test_create_npc_with_full_stat_block" time="0.467" /><testcase classname="backend.tests.test_npc_network.TestNPCNetworkAPI" name="test_update_npc" time="0.583" /><testcase classname="backend.tests.test_npc_network.TestNPCNetworkAPI" name="test_delete_npc" time="0.542" /><testcase classname="backend.tests.test_npc_network.TestNPCNetworkAPI" name="test_ai_generate_npc" time="8.635" /><testcase classname="backend.tests.test_npc_network.TestNPCNetworkAPI" name="test_npc_stats_model_structure" time="0.487" /></testsuite></testsuites>