<?xml version="1.0" encoding="utf-8"?><testsuites name="pytest tests"><testsuite name="pytest" errors="0" failures="0" skipped="0" tests="12" time="5.511" timestamp="2026-03-05T08:48:00.584977+00:00" hostname="agent-env-a3448ca3-8ef1-4bde-b6d5-0348b3d5b5fe"><testcase classname="backend.tests.test_maps_api.TestMapsAPI" name="test_get_maps_empty" time="0.492" /><testcase classname="backend.tests.test_maps_api.TestMapsAPI" name="test_create_map_basic" time="0.431" /><testcase classname="backend.tests.test_maps_api.TestMapsAPI" name="test_create_map_with_terrain" time="0.506" /><testcase classname="backend.tests.test_maps_api.TestMapsAPI" name="test_create_map_with_walls_and_doors" time="0.441" /><testcase classname="backend.tests.test_maps_api.TestMapsAPI" name="test_create_map_with_fog_of_war" time="0.424" /><testcase classname="backend.tests.test_maps_api.TestMapsAPI" name="test_get_map_after_create" time="0.498" /><testcase classname="backend.tests.test_maps_api.TestMapsAPI" name="test_update_map_name" time="0.561" /><testcase classname="backend.tests.test_maps_api.TestMapsAPI" name="test_update_map_dimensions" time="0.500" /><testcase classname="backend.tests.test_maps_api.TestMapsAPI" name="test_update_map_terrain" time="0.491" /><testcase classname="backend.tests.test_maps_api.TestMapsAPI" name="test_delete_map" time="0.556" /><testcase classname="backend.tests.test_maps_api.TestMapsAPI" name="test_delete_nonexistent_map" time="0.408" /><testcase classname="backend.tests.test_maps_api.TestMapsAPI" name="test_unauthorized_access" time="0.121" /></testsuite></testsuites>