<?xml version="1.0" encoding="utf-8"?><testsuites name="pytest tests"><testsuite name="pytest" errors="0" failures="0" skipped="0" tests="22" time="11.211" timestamp="2026-03-02T19:20:36.768225+00:00" hostname="agent-env-d8ae8177-458f-482a-b920-32faf119bfba"><testcase classname="backend.tests.test_account_management.TestAuthAPI" name="test_health_check" time="0.352" /><testcase classname="backend.tests.test_account_management.TestAuthAPI" name="test_register_new_user_with_email" time="0.422" /><testcase classname="backend.tests.test_account_management.TestAuthAPI" name="test_register_duplicate_email_fails" time="0.503" /><testcase classname="backend.tests.test_account_management.TestAuthAPI" name="test_register_duplicate_username_fails" time="0.434" /><testcase classname="backend.tests.test_account_management.TestAuthAPI" name="test_login_with_email" time="0.638" /><testcase classname="backend.tests.test_account_management.TestAuthAPI" name="test_login_wrong_password" time="0.711" /><testcase classname="backend.tests.test_account_management.TestAuthAPI" name="test_login_nonexistent_email" time="0.138" /><testcase classname="backend.tests.test_account_management.TestForgotPasswordAPI" name="test_forgot_password_existing_email" time="0.654" /><testcase classname="backend.tests.test_account_management.TestForgotPasswordAPI" name="test_forgot_password_nonexistent_email" time="0.113" /><testcase classname="backend.tests.test_account_management.TestForgotPasswordAPI" name="test_reset_password_invalid_token" time="0.127" /><testcase classname="backend.tests.test_account_management.TestAccountAPI" name="test_get_profile" time="0.442" /><testcase classname="backend.tests.test_account_management.TestAccountAPI" name="test_get_profile_unauthenticated" time="0.523" /><testcase classname="backend.tests.test_account_management.TestAccountAPI" name="test_update_username" time="0.497" /><testcase classname="backend.tests.test_account_management.TestAccountAPI" name="test_update_email" time="0.564" /><testcase classname="backend.tests.test_account_management.TestAccountAPI" name="test_update_to_existing_username_fails" time="0.754" /><testcase classname="backend.tests.test_account_management.TestAccountAPI" name="test_change_password" time="1.481" /><testcase classname="backend.tests.test_account_management.TestAccountAPI" name="test_change_password_wrong_current" time="0.621" /><testcase classname="backend.tests.test_account_management.TestAccountAPI" name="test_delete_account" time="0.464" /><testcase classname="backend.tests.test_account_management.TestAuthMeAPI" name="test_get_me_authenticated" time="0.396" /><testcase classname="backend.tests.test_account_management.TestAuthMeAPI" name="test_get_me_unauthenticated" time="0.130" /><testcase classname="backend.tests.test_account_management.TestRegisterWithReferral" name="test_register_with_valid_referral" time="0.802" /><testcase classname="backend.tests.test_account_management.TestRegisterWithReferral" name="test_register_with_invalid_referral" time="0.344" /></testsuite></testsuites>