<?xml version="1.0" encoding="utf-8"?><testsuites name="pytest tests"><testsuite name="pytest" errors="0" failures="0" skipped="0" tests="12" time="115.316" timestamp="2026-03-04T07:25:50.333402+00:00" hostname="agent-env-45d9b8c9-ffc3-46f8-bdd2-7c0401f1486f"><testcase classname="tests.test_ai_character_generation.TestAICharacterGeneration" name="test_ai_character_endpoint_exists" time="0.532" /><testcase classname="tests.test_ai_character_generation.TestAICharacterGeneration" name="test_ai_character_requires_authentication" time="0.440" /><testcase classname="tests.test_ai_character_generation.TestAICharacterGeneration" name="test_ai_character_validates_description_length" time="0.444" /><testcase classname="tests.test_ai_character_generation.TestAICharacterGeneration" name="test_ai_character_rejects_empty_description" time="0.435" /><testcase classname="tests.test_ai_character_generation.TestAICharacterGeneration" name="test_ai_character_rejects_whitespace_only" time="0.462" /><testcase classname="tests.test_ai_character_generation.TestAICharacterGeneration" name="test_ai_character_generation_success" time="14.529" /><testcase classname="tests.test_ai_character_generation.TestAICharacterGeneration" name="test_ai_character_has_required_fields" time="16.245" /><testcase classname="tests.test_ai_character_generation.TestAICharacterGeneration" name="test_ai_character_race_is_valid" time="16.598" /><testcase classname="tests.test_ai_character_generation.TestAICharacterGeneration" name="test_ai_character_class_is_valid" time="16.087" /><testcase classname="tests.test_ai_character_generation.TestAICharacterGeneration" name="test_ai_character_background_is_valid" time="17.659" /><testcase classname="tests.test_ai_character_generation.TestAICharacterGeneration" name="test_ai_character_alignment_is_valid" time="16.645" /><testcase classname="tests.test_ai_character_generation.TestAICharacterGeneration" name="test_ai_character_message_contains_name" time="15.186" /></testsuite></testsuites>