<?xml version="1.0" encoding="utf-8"?><testsuites name="pytest tests"><testsuite name="pytest" errors="0" failures="0" skipped="0" tests="6" time="99.792" timestamp="2026-03-31T15:14:48.171410+00:00" hostname="agent-env-0296e2c0-1121-4045-a837-b9bab4ee20bc"><testcase classname="backend.tests.test_dice_history_ai_planner.TestAuthAndSetup" name="test_login_success" time="0.482" /><testcase classname="backend.tests.test_dice_history_ai_planner.TestAISessionOutlines" name="test_get_session_outlines_endpoint_exists" time="0.584" /><testcase classname="backend.tests.test_dice_history_ai_planner.TestAISessionOutlines" name="test_post_session_outline_endpoint_registered" time="52.342" /><testcase classname="backend.tests.test_dice_history_ai_planner.TestAISessionReplays" name="test_get_session_replays_endpoint_exists" time="0.750" /><testcase classname="backend.tests.test_dice_history_ai_planner.TestAISessionReplays" name="test_post_session_replay_endpoint_registered" time="45.063" /><testcase classname="backend.tests.test_dice_history_ai_planner.TestCharacterEndpoints" name="test_get_character_wizard" time="0.548" /></testsuite></testsuites>