<?xml version="1.0" encoding="utf-8"?><testsuites name="pytest tests"><testsuite name="pytest" errors="0" failures="0" skipped="1" tests="10" time="51.559" timestamp="2026-03-31T09:46:47.375653+00:00" hostname="agent-env-82d414f2-31f0-44af-b8c1-1b6de1f771ce"><testcase classname="tests.test_ai_cogm.TestAICoGM" name="test_rook_chat_basic" time="1.593" /><testcase classname="tests.test_ai_cogm.TestAICoGM" name="test_rook_chat_with_campaign_context" time="10.141" /><testcase classname="tests.test_ai_cogm.TestAICoGM" name="test_rook_chat_combat_context" time="7.936" /><testcase classname="tests.test_ai_cogm.TestAICoGM" name="test_rook_chat_location_context" time="9.295" /><testcase classname="tests.test_ai_cogm.TestAICoGM" name="test_rook_chat_npc_context" time="10.221" /><testcase classname="tests.test_ai_cogm.TestAICoGM" name="test_rook_chat_story_context" time="6.316" /><testcase classname="tests.test_ai_cogm.TestAICoGM" name="test_rook_chat_unauthorized" time="0.442" /><testcase classname="tests.test_ai_cogm.TestAICoGM" name="test_rook_chat_empty_message" time="4.664" /><testcase classname="tests.test_ai_cogm.TestCharacterInventoryAPI" name="test_get_campaign_players" time="0.500" /><testcase classname="tests.test_ai_cogm.TestCharacterInventoryAPI" name="test_character_patch_endpoint_exists" time="0.424"><skipped type="pytest.skip" message="No players in campaign to test">/app/backend/tests/test_ai_cogm.py:226: No players in campaign to test</skipped></testcase></testsuite></testsuites>