<?xml version="1.0" encoding="utf-8"?><testsuites name="pytest tests"><testsuite name="pytest" errors="0" failures="0" skipped="0" tests="16" time="8.655" timestamp="2026-03-04T19:22:55.685750+00:00" hostname="agent-env-a3448ca3-8ef1-4bde-b6d5-0348b3d5b5fe"><testcase classname="tests.test_player_notes_combat.TestPlayerNotesAPI" name="test_get_player_notes" time="0.522" /><testcase classname="tests.test_player_notes_combat.TestPlayerNotesAPI" name="test_create_player_note" time="0.575" /><testcase classname="tests.test_player_notes_combat.TestPlayerNotesAPI" name="test_create_player_note_with_campaign" time="0.562" /><testcase classname="tests.test_player_notes_combat.TestPlayerNotesAPI" name="test_update_player_note" time="0.847" /><testcase classname="tests.test_player_notes_combat.TestPlayerNotesAPI" name="test_delete_player_note" time="0.684" /><testcase classname="tests.test_player_notes_combat.TestSessionRecapsAPI" name="test_get_session_recaps" time="0.475" /><testcase classname="tests.test_player_notes_combat.TestCombatScenariosAPI" name="test_get_combat_scenarios" time="0.458" /><testcase classname="tests.test_player_notes_combat.TestCombatScenariosAPI" name="test_get_combat_scenario_by_id" time="0.476" /><testcase classname="tests.test_player_notes_combat.TestCombatScenariosAPI" name="test_combat_scenario_has_correct_combatants" time="0.451" /><testcase classname="tests.test_player_notes_combat.TestCampaignPlayersAPI" name="test_get_campaign_players" time="0.545" /><testcase classname="tests.test_player_notes_combat.TestCampaignPlayersAPI" name="test_campaign_has_fighter_and_wizard" time="0.502" /><testcase classname="tests.test_player_notes_combat.TestInGameNotesAPI" name="test_get_ingame_notes" time="0.583" /><testcase classname="tests.test_player_notes_combat.TestInGameNotesAPI" name="test_create_ingame_note" time="0.614" /><testcase classname="tests.test_player_notes_combat.TestAuthAPI" name="test_login_success" time="0.389" /><testcase classname="tests.test_player_notes_combat.TestAuthAPI" name="test_login_invalid_password" time="0.348" /><testcase classname="tests.test_player_notes_combat.TestAuthAPI" name="test_auth_me" time="0.519" /></testsuite></testsuites>