<?xml version="1.0" encoding="utf-8"?><testsuites name="pytest tests"><testsuite name="pytest" errors="0" failures="0" skipped="0" tests="10" time="4.606" timestamp="2026-03-31T05:51:28.357599+00:00" hostname="agent-env-16ab28e0-0e6f-442f-922c-ce66c3ed096b"><testcase classname="tests.test_bug_fixes.TestBugFixes" name="test_level_up_api_endpoint_exists" time="0.455" /><testcase classname="tests.test_bug_fixes.TestBugFixes" name="test_character_get_endpoint_for_edit" time="0.480" /><testcase classname="tests.test_bug_fixes.TestBugFixes" name="test_character_hp_fields" time="0.469" /><testcase classname="tests.test_bug_fixes.TestLevelUpAPI" name="test_level_up_returns_required_fields" time="0.557" /><testcase classname="tests.test_bug_fixes.TestLevelUpAPI" name="test_multiclass_endpoint_exists" time="0.440" /><testcase classname="tests.test_bug_fixes.TestCharacterCRUD" name="test_list_characters" time="0.447" /><testcase classname="tests.test_bug_fixes.TestCharacterCRUD" name="test_get_character_by_id" time="0.424" /><testcase classname="tests.test_bug_fixes.TestCharacterCRUD" name="test_update_character_hp" time="0.550" /><testcase classname="tests.test_bug_fixes.TestAuthAPI" name="test_login_returns_token" time="0.325" /><testcase classname="tests.test_bug_fixes.TestAuthAPI" name="test_auth_me_endpoint" time="0.431" /></testsuite></testsuites>