<?xml version="1.0" encoding="utf-8"?><testsuites name="pytest tests"><testsuite name="pytest" errors="0" failures="0" skipped="0" tests="26" time="60.777" timestamp="2026-03-07T06:50:44.519475+00:00" hostname="agent-env-0e68e3c4-31b9-40a0-b7fa-a2ddbfe2af5e"><testcase classname="backend.tests.test_world_maps.TestWorldMaps" name="test_create_world_map" time="0.723" /><testcase classname="backend.tests.test_world_maps.TestWorldMaps" name="test_get_world_maps" time="0.742" /><testcase classname="backend.tests.test_world_maps.TestWorldMaps" name="test_get_single_world_map" time="0.748" /><testcase classname="backend.tests.test_world_maps.TestWorldMaps" name="test_update_world_map" time="0.842" /><testcase classname="backend.tests.test_world_maps.TestWorldMaps" name="test_delete_world_map" time="0.840" /><testcase classname="backend.tests.test_world_maps.TestWorldMaps" name="test_add_pin_to_world_map" time="0.862" /><testcase classname="backend.tests.test_world_maps.TestWorldMaps" name="test_update_pin_on_world_map" time="0.879" /><testcase classname="backend.tests.test_world_maps.TestWorldMaps" name="test_delete_pin_from_world_map" time="0.961" /><testcase classname="backend.tests.test_world_maps.TestWorldMaps" name="test_create_travel_path" time="0.972" /><testcase classname="backend.tests.test_world_maps.TestWorldMaps" name="test_update_travel_path" time="1.126" /><testcase classname="backend.tests.test_world_maps.TestWorldMaps" name="test_delete_travel_path" time="1.207" /><testcase classname="backend.tests.test_world_maps.TestWorldMaps" name="test_calculate_travel_time_walking" time="36.993" /><testcase classname="backend.tests.test_world_maps.TestWorldMaps" name="test_calculate_travel_time_horseback" time="1.121" /><testcase classname="backend.tests.test_world_maps.TestWorldMaps" name="test_calculate_travel_no_path" time="0.970" /><testcase classname="backend.tests.test_world_maps.TestWorldMaps" name="test_get_nearby_locations" time="1.273" /><testcase classname="backend.tests.test_world_maps.TestLocalMaps" name="test_create_local_map" time="0.768" /><testcase classname="backend.tests.test_world_maps.TestLocalMaps" name="test_get_local_maps" time="0.888" /><testcase classname="backend.tests.test_world_maps.TestLocalMaps" name="test_get_local_maps_by_location" time="1.891" /><testcase classname="backend.tests.test_world_maps.TestLocalMaps" name="test_get_single_local_map" time="0.861" /><testcase classname="backend.tests.test_world_maps.TestLocalMaps" name="test_update_local_map" time="0.947" /><testcase classname="backend.tests.test_world_maps.TestLocalMaps" name="test_delete_local_map" time="0.958" /><testcase classname="backend.tests.test_world_maps.TestLocalMaps" name="test_add_pin_to_local_map" time="0.883" /><testcase classname="backend.tests.test_world_maps.TestLocalMaps" name="test_update_pin_on_local_map" time="0.960" /><testcase classname="backend.tests.test_world_maps.TestLocalMaps" name="test_delete_pin_from_local_map" time="2.125" /><testcase classname="backend.tests.test_world_maps.TestWorldMapAuthentication" name="test_world_maps_require_auth" time="0.099" /><testcase classname="backend.tests.test_world_maps.TestWorldMapAuthentication" name="test_local_maps_require_auth" time="0.106" /></testsuite></testsuites>